# JRE version: OpenJDK Runtime Environment JBR-17.0.6+10-829.9-nomod (17.0.6+10) (build 17.0.6+10-b829.9)
# Java VM: OpenJDK 64-Bit Server VM JBR-17.0.6+10-829.9-nomod (17.0.6+10-b829.9, mixed mode, tiered, compressed oops, compressed class ptrs, g1 gc, windows-amd64)
GC Precious Log:
 CPUs: 20 total, 20 available
 Memory: 16095M
 Large Page Support: Disabled
 NUMA Support: Disabled
 Compressed Oops: Enabled (Zero based)
 Heap Region Size: 2M
 Heap Min Capacity: 8M
 Heap Initial Capacity: 252M
 Heap Max Capacity: 4024M
 Pre-touch: Disabled
 Parallel Workers: 15
 Concurrent Workers: 4
 Concurrent Refinement Workers: 15
 Periodic GC: Disabled
Heap:
 garbage-first heap   total 178176K, used 110213K [0x0000000704800000, 0x0000000800000000)
  region size 2048K, 19 young (38912K), 3 survivors (6144K)
 Metaspace       used 78194K, committed 78528K, reserved 1122304K
  class space    used 8775K, committed 8960K, reserved 1048576K
GC Heap History (20 events):
Event: 5.477 GC heap before
{Heap before GC invocations=11 (full 0):
 garbage-first heap   total 96256K, used 69098K [0x0000000704800000, 0x0000000800000000)
  region size 2048K, 20 young (40960K), 1 survivors (2048K)
 Metaspace       used 51658K, committed 51904K, reserved 1097728K
  class space    used 6153K, committed 6272K, reserved 1048576K
}
Event: 5.489 GC heap after
{Heap after GC invocations=12 (full 0):
 garbage-first heap   total 147456K, used 34937K [0x0000000704800000, 0x0000000800000000)
  region size 2048K, 3 young (6144K), 3 survivors (6144K)
 Metaspace       used 51658K, committed 51904K, reserved 1097728K
  class space    used 6153K, committed 6272K, reserved 1048576K
}
Event: 6.360 GC heap before
{Heap before GC invocations=12 (full 0):
 garbage-first heap   total 147456K, used 100473K [0x0000000704800000, 0x0000000800000000)
  region size 2048K, 35 young (71680K), 3 survivors (6144K)
 Metaspace       used 55178K, committed 55488K, reserved 1097728K
  class space    used 6478K, committed 6656K, reserved 1048576K
}
Event: 6.375 GC heap after
{Heap after GC invocations=13 (full 0):
 garbage-first heap   total 147456K, used 43230K [0x0000000704800000, 0x0000000800000000)
  region size 2048K, 4 young (8192K), 4 survivors (8192K)
 Metaspace       used 55178K, committed 55488K, reserved 1097728K
  class space    used 6478K, committed 6656K, reserved 1048576K
}
Event: 7.204 GC heap before
{Heap before GC invocations=13 (full 0):
 garbage-first heap   total 147456K, used 106718K [0x0000000704800000, 0x0000000800000000)
  region size 2048K, 35 young (71680K), 4 survivors (8192K)
 Metaspace       used 58620K, committed 59008K, reserved 1105920K
  class space    used 6855K, committed 7040K, reserved 1048576K
}
Event: 7.220 GC heap after
{Heap after GC invocations=14 (full 0):
 garbage-first heap   total 147456K, used 51185K [0x0000000704800000, 0x0000000800000000)
  region size 2048K, 4 young (8192K), 4 survivors (8192K)
 Metaspace       used 58620K, committed 59008K, reserved 1105920K
  class space    used 6855K, committed 7040K, reserved 1048576K
}
Event: 7.556 GC heap before
{Heap before GC invocations=14 (full 0):
 garbage-first heap   total 147456K, used 63473K [0x0000000704800000, 0x0000000800000000)
  region size 2048K, 11 young (22528K), 4 survivors (8192K)
 Metaspace       used 60050K, committed 60416K, reserved 1105920K
  class space    used 7021K, committed 7232K, reserved 1048576K
}
Event: 7.570 GC heap after
{Heap after GC invocations=15 (full 0):
 garbage-first heap   total 147456K, used 53680K [0x0000000704800000, 0x0000000800000000)
  region size 2048K, 1 young (2048K), 1 survivors (2048K)
 Metaspace       used 60050K, committed 60416K, reserved 1105920K
  class space    used 7021K, committed 7232K, reserved 1048576K
}
Event: 8.775 GC heap before
{Heap before GC invocations=16 (full 0):
 garbage-first heap   total 147456K, used 108976K [0x0000000704800000, 0x0000000800000000)
  region size 2048K, 28 young (57344K), 1 survivors (2048K)
 Metaspace       used 65724K, committed 66048K, reserved 1114112K
  class space    used 7572K, committed 7744K, reserved 1048576K
}
Event: 8.788 GC heap after
{Heap after GC invocations=17 (full 0):
 garbage-first heap   total 147456K, used 61336K [0x0000000704800000, 0x0000000800000000)
  region size 2048K, 4 young (8192K), 4 survivors (8192K)
 Metaspace       used 65724K, committed 66048K, reserved 1114112K
  class space    used 7572K, committed 7744K, reserved 1048576K
}
Event: 8.815 GC heap before
{Heap before GC invocations=17 (full 0):
 garbage-first heap   total 147456K, used 63384K [0x0000000704800000, 0x0000000800000000)
  region size 2048K, 5 young (10240K), 4 survivors (8192K)
 Metaspace       used 65730K, committed 66048K, reserved 1114112K
  class space    used 7573K, committed 7744K, reserved 1048576K
}
Event: 8.832 GC heap after
{Heap after GC invocations=18 (full 0):
 garbage-first heap   total 178176K, used 62761K [0x0000000704800000, 0x0000000800000000)
  region size 2048K, 1 young (2048K), 1 survivors (2048K)
 Metaspace       used 65730K, committed 66048K, reserved 1114112K
  class space    used 7573K, committed 7744K, reserved 1048576K
}
Event: 10.104 GC heap before
{Heap before GC invocations=18 (full 0):
 garbage-first heap   total 178176K, used 132393K [0x0000000704800000, 0x0000000800000000)
  region size 2048K, 35 young (71680K), 1 survivors (2048K)
 Metaspace       used 71353K, committed 71744K, reserved 1114112K
  class space    used 8123K, committed 8320K, reserved 1048576K
}
Event: 10.117 GC heap after
{Heap after GC invocations=19 (full 0):
 garbage-first heap   total 178176K, used 74937K [0x0000000704800000, 0x0000000800000000)
  region size 2048K, 5 young (10240K), 5 survivors (10240K)
 Metaspace       used 71353K, committed 71744K, reserved 1114112K
  class space    used 8123K, committed 8320K, reserved 1048576K
}
Event: 10.615 GC heap before
{Heap before GC invocations=19 (full 0):
 garbage-first heap   total 178176K, used 134329K [0x0000000704800000, 0x0000000800000000)
  region size 2048K, 34 young (69632K), 5 survivors (10240K)
 Metaspace       used 73908K, committed 74240K, reserved 1122304K
  class space    used 8356K, committed 8512K, reserved 1048576K
}
Event: 10.626 GC heap after
{Heap after GC invocations=20 (full 0):
 garbage-first heap   total 178176K, used 77189K [0x0000000704800000, 0x0000000800000000)
  region size 2048K, 1 young (2048K), 1 survivors (2048K)
 Metaspace       used 73908K, committed 74240K, reserved 1122304K
  class space    used 8356K, committed 8512K, reserved 1048576K
}
Event: 10.854 GC heap before
{Heap before GC invocations=20 (full 0):
 garbage-first heap   total 178176K, used 136581K [0x0000000704800000, 0x0000000800000000)
  region size 2048K, 30 young (61440K), 1 survivors (2048K)
 Metaspace       used 73936K, committed 74240K, reserved 1122304K
  class space    used 8356K, committed 8512K, reserved 1048576K
}
Event: 10.862 GC heap after
{Heap after GC invocations=21 (full 0):
 garbage-first heap   total 178176K, used 77811K [0x0000000704800000, 0x0000000800000000)
  region size 2048K, 2 young (4096K), 2 survivors (4096K)
 Metaspace       used 73936K, committed 74240K, reserved 1122304K
  class space    used 8356K, committed 8512K, reserved 1048576K
}
Event: 11.572 GC heap before
{Heap before GC invocations=21 (full 0):
 garbage-first heap   total 178176K, used 139251K [0x0000000704800000, 0x0000000800000000)
  region size 2048K, 32 young (65536K), 2 survivors (4096K)
 Metaspace       used 76609K, committed 76928K, reserved 1122304K
  class space    used 8611K, committed 8768K, reserved 1048576K
}
Event: 11.580 GC heap after
{Heap after GC invocations=22 (full 0):
 garbage-first heap   total 178176K, used 79493K [0x0000000704800000, 0x0000000800000000)
  region size 2048K, 3 young (6144K), 3 survivors (6144K)
 Metaspace       used 76609K, committed 76928K, reserved 1122304K
  class space    used 8611K, committed 8768K, reserved 1048576K
}

